# JRE version: Java(TM) SE Runtime Environment (8.0_181-b13) (build 1.8.0_181-b13)
# Java VM: Java HotSpot(TM) 64-Bit Server VM (25.181-b13 mixed mode windows-amd64 compressed oops)
Heap:
 PSYoungGen      total 205824K, used 122213K [0x00000000d5f00000, 0x00000000e4c80000, 0x0000000100000000)
  eden space 195072K, 62% used [0x00000000d5f00000,0x00000000dd659738,0x00000000e1d80000)
  from space 10752K, 0% used [0x00000000e2780000,0x00000000e2780000,0x00000000e3200000)
  to   space 10240K, 0% used [0x00000000e1d80000,0x00000000e1d80000,0x00000000e2780000)
 ParOldGen       total 50688K, used 11033K [0x0000000081c00000, 0x0000000084d80000, 0x00000000d5f00000)
  object space 50688K, 21% used [0x0000000081c00000,0x00000000826c65c0,0x0000000084d80000)
 Metaspace       used 38155K, capacity 40992K, committed 41344K, reserved 1085440K
  class space    used 5158K, capacity 5644K, committed 5760K, reserved 1048576K
GC Heap History (10 events):
Event: 1.303 GC heap before
{Heap before GC invocations=6 (full 1):
 PSYoungGen      total 71680K, used 5115K [0x00000000d5f00000, 0x00000000df200000, 0x0000000100000000)
  eden space 66560K, 0% used [0x00000000d5f00000,0x00000000d5f00000,0x00000000da000000)
  from space 5120K, 99% used [0x00000000da000000,0x00000000da4fee78,0x00000000da500000)
  to   space 8704K, 0% used [0x00000000de980000,0x00000000de980000,0x00000000df200000)
 ParOldGen       total 87552K, used 4424K [0x0000000081c00000, 0x0000000087180000, 0x00000000d5f00000)
  object space 87552K, 5% used [0x0000000081c00000,0x00000000820523b0,0x0000000087180000)
 Metaspace       used 19650K, capacity 21164K, committed 21296K, reserved 1067008K
  class space    used 2553K, capacity 2868K, committed 2944K, reserved 1048576K
Event: 1.320 GC heap after
Heap after GC invocations=6 (full 1):
 PSYoungGen      total 71680K, used 0K [0x00000000d5f00000, 0x00000000df200000, 0x0000000100000000)
  eden space 66560K, 0% used [0x00000000d5f00000,0x00000000d5f00000,0x00000000da000000)
  from space 5120K, 0% used [0x00000000da000000,0x00000000da000000,0x00000000da500000)
  to   space 8704K, 0% used [0x00000000de980000,0x00000000de980000,0x00000000df200000)
 ParOldGen       total 50688K, used 6786K [0x0000000081c00000, 0x0000000084d80000, 0x00000000d5f00000)
  object space 50688K, 13% used [0x0000000081c00000,0x00000000822a0800,0x0000000084d80000)
 Metaspace       used 19650K, capacity 21164K, committed 21296K, reserved 1067008K
  class space    used 2553K, capacity 2868K, committed 2944K, reserved 1048576K
}
Event: 1.560 GC heap before
{Heap before GC invocations=7 (full 1):
 PSYoungGen      total 71680K, used 66560K [0x00000000d5f00000, 0x00000000df200000, 0x0000000100000000)
  eden space 66560K, 100% used [0x00000000d5f00000,0x00000000da000000,0x00000000da000000)
  from space 5120K, 0% used [0x00000000da000000,0x00000000da000000,0x00000000da500000)
  to   space 8704K, 0% used [0x00000000de980000,0x00000000de980000,0x00000000df200000)
 ParOldGen       total 50688K, used 6786K [0x0000000081c00000, 0x0000000084d80000, 0x00000000d5f00000)
  object space 50688K, 13% used [0x0000000081c00000,0x00000000822a0800,0x0000000084d80000)
 Metaspace       used 24066K, capacity 25796K, committed 26112K, reserved 1071104K
  class space    used 3142K, capacity 3498K, committed 3584K, reserved 1048576K
Event: 1.564 GC heap after
Heap after GC invocations=7 (full 1):
 PSYoungGen      total 122368K, used 6771K [0x00000000d5f00000, 0x00000000df080000, 0x0000000100000000)
  eden space 115200K, 0% used [0x00000000d5f00000,0x00000000d5f00000,0x00000000dcf80000)
  from space 7168K, 94% used [0x00000000de980000,0x00000000df01cc30,0x00000000df080000)
  to   space 8704K, 0% used [0x00000000ddf80000,0x00000000ddf80000,0x00000000de800000)
 ParOldGen       total 50688K, used 6794K [0x0000000081c00000, 0x0000000084d80000, 0x00000000d5f00000)
  object space 50688K, 13% used [0x0000000081c00000,0x00000000822a2800,0x0000000084d80000)
 Metaspace       used 24066K, capacity 25796K, committed 26112K, reserved 1071104K
  class space    used 3142K, capacity 3498K, committed 3584K, reserved 1048576K
}
Event: 2.228 GC heap before
{Heap before GC invocations=8 (full 1):
 PSYoungGen      total 122368K, used 121971K [0x00000000d5f00000, 0x00000000df080000, 0x0000000100000000)
  eden space 115200K, 100% used [0x00000000d5f00000,0x00000000dcf80000,0x00000000dcf80000)
  from space 7168K, 94% used [0x00000000de980000,0x00000000df01cc30,0x00000000df080000)
  to   space 8704K, 0% used [0x00000000ddf80000,0x00000000ddf80000,0x00000000de800000)
 ParOldGen       total 50688K, used 6794K [0x0000000081c00000, 0x0000000084d80000, 0x00000000d5f00000)
  object space 50688K, 13% used [0x0000000081c00000,0x00000000822a2800,0x0000000084d80000)
 Metaspace       used 30764K, capacity 32938K, committed 33024K, reserved 1077248K
  class space    used 4138K, capacity 4537K, committed 4608K, reserved 1048576K
Event: 2.236 GC heap after
Heap after GC invocations=8 (full 1):
 PSYoungGen      total 140288K, used 8677K [0x00000000d5f00000, 0x00000000e3200000, 0x0000000100000000)
  eden space 131584K, 0% used [0x00000000d5f00000,0x00000000d5f00000,0x00000000ddf80000)
  from space 8704K, 99% used [0x00000000ddf80000,0x00000000de7f95b0,0x00000000de800000)
  to   space 10752K, 0% used [0x00000000e2780000,0x00000000e2780000,0x00000000e3200000)
 ParOldGen       total 50688K, used 9061K [0x0000000081c00000, 0x0000000084d80000, 0x00000000d5f00000)
  object space 50688K, 17% used [0x0000000081c00000,0x00000000824d9548,0x0000000084d80000)
 Metaspace       used 30764K, capacity 32938K, committed 33024K, reserved 1077248K
  class space    used 4138K, capacity 4537K, committed 4608K, reserved 1048576K
}
Event: 2.379 GC heap before
{Heap before GC invocations=9 (full 1):
 PSYoungGen      total 140288K, used 32868K [0x00000000d5f00000, 0x00000000e3200000, 0x0000000100000000)
  eden space 131584K, 18% used [0x00000000d5f00000,0x00000000d769fd48,0x00000000ddf80000)
  from space 8704K, 99% used [0x00000000ddf80000,0x00000000de7f95b0,0x00000000de800000)
  to   space 10752K, 0% used [0x00000000e2780000,0x00000000e2780000,0x00000000e3200000)
 ParOldGen       total 50688K, used 9061K [0x0000000081c00000, 0x0000000084d80000, 0x00000000d5f00000)
  object space 50688K, 17% used [0x0000000081c00000,0x00000000824d9548,0x0000000084d80000)
 Metaspace       used 33225K, capacity 35424K, committed 35496K, reserved 1079296K
  class space    used 4450K, capacity 4860K, committed 4864K, reserved 1048576K
Event: 2.384 GC heap after
Heap after GC invocations=9 (full 1):
 PSYoungGen      total 205824K, used 6198K [0x00000000d5f00000, 0x00000000e4c80000, 0x0000000100000000)
  eden space 195072K, 0% used [0x00000000d5f00000,0x00000000d5f00000,0x00000000e1d80000)
  from space 10752K, 57% used [0x00000000e2780000,0x00000000e2d8dbf0,0x00000000e3200000)
  to   space 10240K, 0% used [0x00000000e1d80000,0x00000000e1d80000,0x00000000e2780000)
 ParOldGen       total 50688K, used 9133K [0x0000000081c00000, 0x0000000084d80000, 0x00000000d5f00000)
  object space 50688K, 18% used [0x0000000081c00000,0x00000000824eb558,0x0000000084d80000)
 Metaspace       used 33225K, capacity 35424K, committed 35496K, reserved 1079296K
  class space    used 4450K, capacity 4860K, committed 4864K, reserved 1048576K
}
Event: 2.384 GC heap before
{Heap before GC invocations=10 (full 2):
 PSYoungGen      total 205824K, used 6198K [0x00000000d5f00000, 0x00000000e4c80000, 0x0000000100000000)
  eden space 195072K, 0% used [0x00000000d5f00000,0x00000000d5f00000,0x00000000e1d80000)
  from space 10752K, 57% used [0x00000000e2780000,0x00000000e2d8dbf0,0x00000000e3200000)
  to   space 10240K, 0% used [0x00000000e1d80000,0x00000000e1d80000,0x00000000e2780000)
 ParOldGen       total 50688K, used 9133K [0x0000000081c00000, 0x0000000084d80000, 0x00000000d5f00000)
  object space 50688K, 18% used [0x0000000081c00000,0x00000000824eb558,0x0000000084d80000)
 Metaspace       used 33225K, capacity 35424K, committed 35496K, reserved 1079296K
  class space    used 4450K, capacity 4860K, committed 4864K, reserved 1048576K
Event: 2.422 GC heap after
Heap after GC invocations=10 (full 2):
 PSYoungGen      total 205824K, used 0K [0x00000000d5f00000, 0x00000000e4c80000, 0x0000000100000000)
  eden space 195072K, 0% used [0x00000000d5f00000,0x00000000d5f00000,0x00000000e1d80000)
  from space 10752K, 0% used [0x00000000e2780000,0x00000000e2780000,0x00000000e3200000)
  to   space 10240K, 0% used [0x00000000e1d80000,0x00000000e1d80000,0x00000000e2780000)
 ParOldGen       total 50688K, used 11033K [0x0000000081c00000, 0x0000000084d80000, 0x00000000d5f00000)
  object space 50688K, 21% used [0x0000000081c00000,0x00000000826c65c0,0x0000000084d80000)
 Metaspace       used 33225K, capacity 35424K, committed 35496K, reserved 1079296K
  class space    used 4450K, capacity 4860K, committed 4864K, reserved 1048576K
}

