# JRE version: Java(TM) SE Runtime Environment (8.0_181-b13) (build 1.8.0_181-b13)
# Java VM: Java HotSpot(TM) 64-Bit Server VM (25.181-b13 mixed mode windows-amd64 compressed oops)
Heap:
 PSYoungGen      total 136192K, used 44530K [0x00000000d6500000, 0x00000000def00000, 0x0000000100000000)
  eden space 131072K, 30% used [0x00000000d6500000,0x00000000d8b7cab0,0x00000000de500000)
  from space 5120K, 99% used [0x00000000de500000,0x00000000de9ffe30,0x00000000dea00000)
  to   space 5120K, 0% used [0x00000000dea00000,0x00000000dea00000,0x00000000def00000)
 ParOldGen       total 100352K, used 15511K [0x0000000082e00000, 0x0000000089000000, 0x00000000d6500000)
  object space 100352K, 15% used [0x0000000082e00000,0x0000000083d25e28,0x0000000089000000)
 Metaspace       used 40208K, capacity 42984K, committed 43264K, reserved 1087488K
  class space    used 5385K, capacity 5883K, committed 5888K, reserved 1048576K
GC Heap History (10 events):
Event: 1.778 GC heap before
{Heap before GC invocations=5 (full 1):
 PSYoungGen      total 136192K, used 5089K [0x00000000d6500000, 0x00000000def00000, 0x0000000100000000)
  eden space 131072K, 0% used [0x00000000d6500000,0x00000000d6500000,0x00000000de500000)
  from space 5120K, 99% used [0x00000000dea00000,0x00000000deef84d8,0x00000000def00000)
  to   space 5120K, 0% used [0x00000000de500000,0x00000000de500000,0x00000000dea00000)
 ParOldGen       total 86016K, used 8240K [0x0000000082e00000, 0x0000000088200000, 0x00000000d6500000)
  object space 86016K, 9% used [0x0000000082e00000,0x000000008360c1f8,0x0000000088200000)
 Metaspace       used 20247K, capacity 21154K, committed 21296K, reserved 1067008K
  class space    used 2643K, capacity 2856K, committed 2944K, reserved 1048576K
Event: 1.815 GC heap after
Heap after GC invocations=5 (full 1):
 PSYoungGen      total 136192K, used 0K [0x00000000d6500000, 0x00000000def00000, 0x0000000100000000)
  eden space 131072K, 0% used [0x00000000d6500000,0x00000000d6500000,0x00000000de500000)
  from space 5120K, 0% used [0x00000000dea00000,0x00000000dea00000,0x00000000def00000)
  to   space 5120K, 0% used [0x00000000de500000,0x00000000de500000,0x00000000dea00000)
 ParOldGen       total 59392K, used 6698K [0x0000000082e00000, 0x0000000086800000, 0x00000000d6500000)
  object space 59392K, 11% used [0x0000000082e00000,0x000000008348a8c8,0x0000000086800000)
 Metaspace       used 20247K, capacity 21154K, committed 21296K, reserved 1067008K
  class space    used 2643K, capacity 2856K, committed 2944K, reserved 1048576K
}
Event: 2.632 GC heap before
{Heap before GC invocations=6 (full 1):
 PSYoungGen      total 136192K, used 131072K [0x00000000d6500000, 0x00000000def00000, 0x0000000100000000)
  eden space 131072K, 100% used [0x00000000d6500000,0x00000000de500000,0x00000000de500000)
  from space 5120K, 0% used [0x00000000dea00000,0x00000000dea00000,0x00000000def00000)
  to   space 5120K, 0% used [0x00000000de500000,0x00000000de500000,0x00000000dea00000)
 ParOldGen       total 59392K, used 6698K [0x0000000082e00000, 0x0000000086800000, 0x00000000d6500000)
  object space 59392K, 11% used [0x0000000082e00000,0x000000008348a8c8,0x0000000086800000)
 Metaspace       used 27787K, capacity 29650K, committed 29952K, reserved 1075200K
  class space    used 3747K, capacity 4085K, committed 4096K, reserved 1048576K
Event: 2.640 GC heap after
Heap after GC invocations=6 (full 1):
 PSYoungGen      total 136192K, used 5088K [0x00000000d6500000, 0x00000000def00000, 0x0000000100000000)
  eden space 131072K, 0% used [0x00000000d6500000,0x00000000d6500000,0x00000000de500000)
  from space 5120K, 99% used [0x00000000de500000,0x00000000de9f8020,0x00000000dea00000)
  to   space 5120K, 0% used [0x00000000dea00000,0x00000000dea00000,0x00000000def00000)
 ParOldGen       total 59392K, used 14137K [0x0000000082e00000, 0x0000000086800000, 0x00000000d6500000)
  object space 59392K, 23% used [0x0000000082e00000,0x0000000083bce4c0,0x0000000086800000)
 Metaspace       used 27787K, capacity 29650K, committed 29952K, reserved 1075200K
  class space    used 3747K, capacity 4085K, committed 4096K, reserved 1048576K
}
Event: 3.116 GC heap before
{Heap before GC invocations=7 (full 1):
 PSYoungGen      total 136192K, used 78495K [0x00000000d6500000, 0x00000000def00000, 0x0000000100000000)
  eden space 131072K, 56% used [0x00000000d6500000,0x00000000dacafe60,0x00000000de500000)
  from space 5120K, 99% used [0x00000000de500000,0x00000000de9f8020,0x00000000dea00000)
  to   space 5120K, 0% used [0x00000000dea00000,0x00000000dea00000,0x00000000def00000)
 ParOldGen       total 59392K, used 14137K [0x0000000082e00000, 0x0000000086800000, 0x00000000d6500000)
  object space 59392K, 23% used [0x0000000082e00000,0x0000000083bce4c0,0x0000000086800000)
 Metaspace       used 33425K, capacity 35446K, committed 35496K, reserved 1079296K
  class space    used 4477K, capacity 4861K, committed 4864K, reserved 1048576K
Event: 3.123 GC heap after
Heap after GC invocations=7 (full 1):
 PSYoungGen      total 136192K, used 5096K [0x00000000d6500000, 0x00000000def00000, 0x0000000100000000)
  eden space 131072K, 0% used [0x00000000d6500000,0x00000000d6500000,0x00000000de500000)
  from space 5120K, 99% used [0x00000000dea00000,0x00000000deefa098,0x00000000def00000)
  to   space 5120K, 0% used [0x00000000de500000,0x00000000de500000,0x00000000dea00000)
 ParOldGen       total 59392K, used 19065K [0x0000000082e00000, 0x0000000086800000, 0x00000000d6500000)
  object space 59392K, 32% used [0x0000000082e00000,0x000000008409e6b8,0x0000000086800000)
 Metaspace       used 33425K, capacity 35446K, committed 35496K, reserved 1079296K
  class space    used 4477K, capacity 4861K, committed 4864K, reserved 1048576K
}
Event: 3.123 GC heap before
{Heap before GC invocations=8 (full 2):
 PSYoungGen      total 136192K, used 5096K [0x00000000d6500000, 0x00000000def00000, 0x0000000100000000)
  eden space 131072K, 0% used [0x00000000d6500000,0x00000000d6500000,0x00000000de500000)
  from space 5120K, 99% used [0x00000000dea00000,0x00000000deefa098,0x00000000def00000)
  to   space 5120K, 0% used [0x00000000de500000,0x00000000de500000,0x00000000dea00000)
 ParOldGen       total 59392K, used 19065K [0x0000000082e00000, 0x0000000086800000, 0x00000000d6500000)
  object space 59392K, 32% used [0x0000000082e00000,0x000000008409e6b8,0x0000000086800000)
 Metaspace       used 33425K, capacity 35446K, committed 35496K, reserved 1079296K
  class space    used 4477K, capacity 4861K, committed 4864K, reserved 1048576K
Event: 3.195 GC heap after
Heap after GC invocations=8 (full 2):
 PSYoungGen      total 136192K, used 0K [0x00000000d6500000, 0x00000000def00000, 0x0000000100000000)
  eden space 131072K, 0% used [0x00000000d6500000,0x00000000d6500000,0x00000000de500000)
  from space 5120K, 0% used [0x00000000dea00000,0x00000000dea00000,0x00000000def00000)
  to   space 5120K, 0% used [0x00000000de500000,0x00000000de500000,0x00000000dea00000)
 ParOldGen       total 100352K, used 15124K [0x0000000082e00000, 0x0000000089000000, 0x00000000d6500000)
  object space 100352K, 15% used [0x0000000082e00000,0x0000000083cc5098,0x0000000089000000)
 Metaspace       used 33425K, capacity 35446K, committed 35496K, reserved 1079296K
  class space    used 4477K, capacity 4861K, committed 4864K, reserved 1048576K
}
Event: 4.002 GC heap before
{Heap before GC invocations=9 (full 2):
 PSYoungGen      total 136192K, used 131072K [0x00000000d6500000, 0x00000000def00000, 0x0000000100000000)
  eden space 131072K, 100% used [0x00000000d6500000,0x00000000de500000,0x00000000de500000)
  from space 5120K, 0% used [0x00000000dea00000,0x00000000dea00000,0x00000000def00000)
  to   space 5120K, 0% used [0x00000000de500000,0x00000000de500000,0x00000000dea00000)
 ParOldGen       total 100352K, used 15124K [0x0000000082e00000, 0x0000000089000000, 0x00000000d6500000)
  object space 100352K, 15% used [0x0000000082e00000,0x0000000083cc5098,0x0000000089000000)
 Metaspace       used 36630K, capacity 39068K, committed 39168K, reserved 1083392K
  class space    used 4885K, capacity 5324K, committed 5376K, reserved 1048576K
Event: 4.006 GC heap after
Heap after GC invocations=9 (full 2):
 PSYoungGen      total 136192K, used 5119K [0x00000000d6500000, 0x00000000def00000, 0x0000000100000000)
  eden space 131072K, 0% used [0x00000000d6500000,0x00000000d6500000,0x00000000de500000)
  from space 5120K, 99% used [0x00000000de500000,0x00000000de9ffe30,0x00000000dea00000)
  to   space 5120K, 0% used [0x00000000dea00000,0x00000000dea00000,0x00000000def00000)
 ParOldGen       total 100352K, used 15511K [0x0000000082e00000, 0x0000000089000000, 0x00000000d6500000)
  object space 100352K, 15% used [0x0000000082e00000,0x0000000083d25e28,0x0000000089000000)
 Metaspace       used 36630K, capacity 39068K, committed 39168K, reserved 1083392K
  class space    used 4885K, capacity 5324K, committed 5376K, reserved 1048576K
}

