# JRE version: Java(TM) SE Runtime Environment (8.0_181-b13) (build 1.8.0_181-b13)
# Java VM: Java HotSpot(TM) 64-Bit Server VM (25.181-b13 mixed mode windows-amd64 compressed oops)
Heap:
 PSYoungGen      total 138240K, used 61590K [0x00000000d6500000, 0x00000000dfc00000, 0x0000000100000000)
  eden space 129536K, 45% used [0x00000000d6500000,0x00000000d9e1cf88,0x00000000de380000)
  from space 8704K, 35% used [0x00000000de380000,0x00000000de6888c8,0x00000000dec00000)
  to   space 11776K, 0% used [0x00000000df080000,0x00000000df080000,0x00000000dfc00000)
 ParOldGen       total 54272K, used 13822K [0x0000000082e00000, 0x0000000086300000, 0x00000000d6500000)
  object space 54272K, 25% used [0x0000000082e00000,0x0000000083b7fa90,0x0000000086300000)
 Metaspace       used 40219K, capacity 42976K, committed 43008K, reserved 1087488K
  class space    used 5381K, capacity 5880K, committed 5888K, reserved 1048576K
GC Heap History (10 events):
Event: 2.083 GC heap before
{Heap before GC invocations=7 (full 1):
 PSYoungGen      total 70656K, used 65536K [0x00000000d6500000, 0x00000000df700000, 0x0000000100000000)
  eden space 65536K, 100% used [0x00000000d6500000,0x00000000da500000,0x00000000da500000)
  from space 5120K, 0% used [0x00000000da500000,0x00000000da500000,0x00000000daa00000)
  to   space 9216K, 0% used [0x00000000dee00000,0x00000000dee00000,0x00000000df700000)
 ParOldGen       total 54272K, used 6518K [0x0000000082e00000, 0x0000000086300000, 0x00000000d6500000)
  object space 54272K, 12% used [0x0000000082e00000,0x000000008345dbd8,0x0000000086300000)
 Metaspace       used 23196K, capacity 24568K, committed 24704K, reserved 1071104K
  class space    used 3087K, capacity 3362K, committed 3456K, reserved 1048576K
Event: 2.087 GC heap after
Heap after GC invocations=7 (full 1):
 PSYoungGen      total 113664K, used 6253K [0x00000000d6500000, 0x00000000df480000, 0x0000000100000000)
  eden space 107008K, 0% used [0x00000000d6500000,0x00000000d6500000,0x00000000dcd80000)
  from space 6656K, 93% used [0x00000000dee00000,0x00000000df41b420,0x00000000df480000)
  to   space 8704K, 0% used [0x00000000de380000,0x00000000de380000,0x00000000dec00000)
 ParOldGen       total 54272K, used 6526K [0x0000000082e00000, 0x0000000086300000, 0x00000000d6500000)
  object space 54272K, 12% used [0x0000000082e00000,0x000000008345fbd8,0x0000000086300000)
 Metaspace       used 23196K, capacity 24568K, committed 24704K, reserved 1071104K
  class space    used 3087K, capacity 3362K, committed 3456K, reserved 1048576K
}
Event: 2.822 GC heap before
{Heap before GC invocations=8 (full 1):
 PSYoungGen      total 113664K, used 113261K [0x00000000d6500000, 0x00000000df480000, 0x0000000100000000)
  eden space 107008K, 100% used [0x00000000d6500000,0x00000000dcd80000,0x00000000dcd80000)
  from space 6656K, 93% used [0x00000000dee00000,0x00000000df41b420,0x00000000df480000)
  to   space 8704K, 0% used [0x00000000de380000,0x00000000de380000,0x00000000dec00000)
 ParOldGen       total 54272K, used 6526K [0x0000000082e00000, 0x0000000086300000, 0x00000000d6500000)
  object space 54272K, 12% used [0x0000000082e00000,0x000000008345fbd8,0x0000000086300000)
 Metaspace       used 29841K, capacity 31816K, committed 32000K, reserved 1077248K
  class space    used 3988K, capacity 4352K, committed 4352K, reserved 1048576K
Event: 2.832 GC heap after
Heap after GC invocations=8 (full 1):
 PSYoungGen      total 115712K, used 8695K [0x00000000d6500000, 0x00000000df480000, 0x0000000100000000)
  eden space 107008K, 0% used [0x00000000d6500000,0x00000000d6500000,0x00000000dcd80000)
  from space 8704K, 99% used [0x00000000de380000,0x00000000debfdc80,0x00000000dec00000)
  to   space 6656K, 0% used [0x00000000dee00000,0x00000000dee00000,0x00000000df480000)
 ParOldGen       total 54272K, used 9895K [0x0000000082e00000, 0x0000000086300000, 0x00000000d6500000)
  object space 54272K, 18% used [0x0000000082e00000,0x00000000837a9fa0,0x0000000086300000)
 Metaspace       used 29841K, capacity 31816K, committed 32000K, reserved 1077248K
  class space    used 3988K, capacity 4352K, committed 4352K, reserved 1048576K
}
Event: 3.013 GC heap before
{Heap before GC invocations=9 (full 1):
 PSYoungGen      total 115712K, used 42071K [0x00000000d6500000, 0x00000000df480000, 0x0000000100000000)
  eden space 107008K, 31% used [0x00000000d6500000,0x00000000d85980f8,0x00000000dcd80000)
  from space 8704K, 99% used [0x00000000de380000,0x00000000debfdc80,0x00000000dec00000)
  to   space 6656K, 0% used [0x00000000dee00000,0x00000000dee00000,0x00000000df480000)
 ParOldGen       total 54272K, used 9895K [0x0000000082e00000, 0x0000000086300000, 0x00000000d6500000)
  object space 54272K, 18% used [0x0000000082e00000,0x00000000837a9fa0,0x0000000086300000)
 Metaspace       used 33430K, capacity 35450K, committed 35496K, reserved 1079296K
  class space    used 4476K, capacity 4861K, committed 4864K, reserved 1048576K
Event: 3.019 GC heap after
Heap after GC invocations=9 (full 1):
 PSYoungGen      total 113664K, used 6639K [0x00000000d6500000, 0x00000000df480000, 0x0000000100000000)
  eden space 107008K, 0% used [0x00000000d6500000,0x00000000d6500000,0x00000000dcd80000)
  from space 6656K, 99% used [0x00000000dee00000,0x00000000df47bd58,0x00000000df480000)
  to   space 8704K, 0% used [0x00000000de380000,0x00000000de380000,0x00000000dec00000)
 ParOldGen       total 54272K, used 12120K [0x0000000082e00000, 0x0000000086300000, 0x00000000d6500000)
  object space 54272K, 22% used [0x0000000082e00000,0x00000000839d6348,0x0000000086300000)
 Metaspace       used 33430K, capacity 35450K, committed 35496K, reserved 1079296K
  class space    used 4476K, capacity 4861K, committed 4864K, reserved 1048576K
}
Event: 3.019 GC heap before
{Heap before GC invocations=10 (full 2):
 PSYoungGen      total 113664K, used 6639K [0x00000000d6500000, 0x00000000df480000, 0x0000000100000000)
  eden space 107008K, 0% used [0x00000000d6500000,0x00000000d6500000,0x00000000dcd80000)
  from space 6656K, 99% used [0x00000000dee00000,0x00000000df47bd58,0x00000000df480000)
  to   space 8704K, 0% used [0x00000000de380000,0x00000000de380000,0x00000000dec00000)
 ParOldGen       total 54272K, used 12120K [0x0000000082e00000, 0x0000000086300000, 0x00000000d6500000)
  object space 54272K, 22% used [0x0000000082e00000,0x00000000839d6348,0x0000000086300000)
 Metaspace       used 33430K, capacity 35450K, committed 35496K, reserved 1079296K
  class space    used 4476K, capacity 4861K, committed 4864K, reserved 1048576K
Event: 3.094 GC heap after
Heap after GC invocations=10 (full 2):
 PSYoungGen      total 113664K, used 0K [0x00000000d6500000, 0x00000000df480000, 0x0000000100000000)
  eden space 107008K, 0% used [0x00000000d6500000,0x00000000d6500000,0x00000000dcd80000)
  from space 6656K, 0% used [0x00000000dee00000,0x00000000dee00000,0x00000000df480000)
  to   space 8704K, 0% used [0x00000000de380000,0x00000000de380000,0x00000000dec00000)
 ParOldGen       total 54272K, used 13814K [0x0000000082e00000, 0x0000000086300000, 0x00000000d6500000)
  object space 54272K, 25% used [0x0000000082e00000,0x0000000083b7da90,0x0000000086300000)
 Metaspace       used 33430K, capacity 35450K, committed 35496K, reserved 1079296K
  class space    used 4476K, capacity 4861K, committed 4864K, reserved 1048576K
}
Event: 3.788 GC heap before
{Heap before GC invocations=11 (full 2):
 PSYoungGen      total 113664K, used 107008K [0x00000000d6500000, 0x00000000df480000, 0x0000000100000000)
  eden space 107008K, 100% used [0x00000000d6500000,0x00000000dcd80000,0x00000000dcd80000)
  from space 6656K, 0% used [0x00000000dee00000,0x00000000dee00000,0x00000000df480000)
  to   space 8704K, 0% used [0x00000000de380000,0x00000000de380000,0x00000000dec00000)
 ParOldGen       total 54272K, used 13814K [0x0000000082e00000, 0x0000000086300000, 0x00000000d6500000)
  object space 54272K, 25% used [0x0000000082e00000,0x0000000083b7da90,0x0000000086300000)
 Metaspace       used 35301K, capacity 37568K, committed 37632K, reserved 1081344K
  class space    used 4697K, capacity 5096K, committed 5120K, reserved 1048576K
Event: 3.792 GC heap after
Heap after GC invocations=11 (full 2):
 PSYoungGen      total 138240K, used 3106K [0x00000000d6500000, 0x00000000dfc00000, 0x0000000100000000)
  eden space 129536K, 0% used [0x00000000d6500000,0x00000000d6500000,0x00000000de380000)
  from space 8704K, 35% used [0x00000000de380000,0x00000000de6888c8,0x00000000dec00000)
  to   space 11776K, 0% used [0x00000000df080000,0x00000000df080000,0x00000000dfc00000)
 ParOldGen       total 54272K, used 13822K [0x0000000082e00000, 0x0000000086300000, 0x00000000d6500000)
  object space 54272K, 25% used [0x0000000082e00000,0x0000000083b7fa90,0x0000000086300000)
 Metaspace       used 35301K, capacity 37568K, committed 37632K, reserved 1081344K
  class space    used 4697K, capacity 5096K, committed 5120K, reserved 1048576K
}

